# JRE version: Java(TM) SE Runtime Environment (8.0_121-b13) (build 1.8.0_121-b13)
# Java VM: Java HotSpot(TM) 64-Bit Server VM (25.121-b13 mixed mode windows-amd64 compressed oops)
Heap:
 garbage-first heap   total 425984K, used 200774K [0x00000000c0000000, 0x00000000c0100d00, 0x0000000100000000)
  region size 1024K, 70 young (71680K), 15 survivors (15360K)
 Metaspace       used 48672K, capacity 51070K, committed 51200K, reserved 1093632K
  class space    used 5988K, capacity 6795K, committed 6912K, reserved 1048576K
GC Heap History (10 events):
Event: 54.408 GC heap before
{Heap before GC invocations=30 (full 0):
 garbage-first heap   total 131072K, used 113343K [0x00000000c0000000, 0x00000000c0100400, 0x0000000100000000)
  region size 1024K, 21 young (21504K), 4 survivors (4096K)
 Metaspace       used 46199K, capacity 48504K, committed 48768K, reserved 1091584K
  class space    used 5763K, capacity 6518K, committed 6528K, reserved 1048576K
Event: 54.429 GC heap after
Heap after GC invocations=31 (full 0):
 garbage-first heap   total 131072K, used 99008K [0x00000000c0000000, 0x00000000c0100400, 0x0000000100000000)
  region size 1024K, 3 young (3072K), 3 survivors (3072K)
 Metaspace       used 46199K, capacity 48504K, committed 48768K, reserved 1091584K
  class space    used 5763K, capacity 6518K, committed 6528K, reserved 1048576K
}
Event: 54.456 GC heap before
{Heap before GC invocations=31 (full 0):
 garbage-first heap   total 131072K, used 102080K [0x00000000c0000000, 0x00000000c0100400, 0x0000000100000000)
  region size 1024K, 6 young (6144K), 3 survivors (3072K)
 Metaspace       used 46199K, capacity 48504K, committed 48768K, reserved 1091584K
  class space    used 5763K, capacity 6518K, committed 6528K, reserved 1048576K
Event: 54.492 GC heap after
Heap after GC invocations=32 (full 0):
 garbage-first heap   total 131072K, used 96316K [0x00000000c0000000, 0x00000000c0100400, 0x0000000100000000)
  region size 1024K, 1 young (1024K), 1 survivors (1024K)
 Metaspace       used 46199K, capacity 48504K, committed 48768K, reserved 1091584K
  class space    used 5763K, capacity 6518K, committed 6528K, reserved 1048576K
}
Event: 54.718 GC heap before
{Heap before GC invocations=32 (full 0):
 garbage-first heap   total 131072K, used 114748K [0x00000000c0000000, 0x00000000c0100400, 0x0000000100000000)
  region size 1024K, 19 young (19456K), 1 survivors (1024K)
 Metaspace       used 46199K, capacity 48504K, committed 48768K, reserved 1091584K
  class space    used 5763K, capacity 6518K, committed 6528K, reserved 1048576K
Event: 54.745 GC heap after
Heap after GC invocations=33 (full 0):
 garbage-first heap   total 131072K, used 97789K [0x00000000c0000000, 0x00000000c0100400, 0x0000000100000000)
  region size 1024K, 3 young (3072K), 3 survivors (3072K)
 Metaspace       used 46199K, capacity 48504K, committed 48768K, reserved 1091584K
  class space    used 5763K, capacity 6518K, committed 6528K, reserved 1048576K
}
Event: 54.822 GC heap before
{Heap before GC invocations=33 (full 0):
 garbage-first heap   total 131072K, used 103933K [0x00000000c0000000, 0x00000000c0100400, 0x0000000100000000)
  region size 1024K, 10 young (10240K), 3 survivors (3072K)
 Metaspace       used 46199K, capacity 48504K, committed 48768K, reserved 1091584K
  class space    used 5763K, capacity 6518K, committed 6528K, reserved 1048576K
Event: 54.845 GC heap after
Heap after GC invocations=34 (full 0):
 garbage-first heap   total 262144K, used 101908K [0x00000000c0000000, 0x00000000c0100800, 0x0000000100000000)
  region size 1024K, 3 young (3072K), 3 survivors (3072K)
 Metaspace       used 46199K, capacity 48504K, committed 48768K, reserved 1091584K
  class space    used 5763K, capacity 6518K, committed 6528K, reserved 1048576K
}
Event: 62.593 GC heap before
{Heap before GC invocations=35 (full 0):
 garbage-first heap   total 262144K, used 228276K [0x00000000c0000000, 0x00000000c0100800, 0x0000000100000000)
  region size 1024K, 118 young (120832K), 3 survivors (3072K)
 Metaspace       used 46433K, capacity 48760K, committed 48896K, reserved 1091584K
  class space    used 5782K, capacity 6530K, committed 6656K, reserved 1048576K
Event: 62.738 GC heap after
Heap after GC invocations=36 (full 0):
 garbage-first heap   total 425984K, used 145478K [0x00000000c0000000, 0x00000000c0100d00, 0x0000000100000000)
  region size 1024K, 15 young (15360K), 15 survivors (15360K)
 Metaspace       used 46433K, capacity 48760K, committed 48896K, reserved 1091584K
  class space    used 5782K, capacity 6530K, committed 6656K, reserved 1048576K
}

